c:\cis 660\overcoat in maya (previous version)\.debug\vec.obj
c:\cis 660\overcoat in maya (previous version)\.debug\pluginmain.obj
c:\cis 660\overcoat in maya (previous version)\.debug\overcoatnode.obj
c:\cis 660\overcoat in maya (previous version)\.debug\overcoatcmd.obj
c:\cis 660\overcoat in maya (previous version)\.debug\leveltoolcontext.obj
c:\cis 660\overcoat in maya (previous version)\.debug\levelcontextcommand.obj
c:\cis 660\overcoat in maya (previous version)\.debug\haircontextcommand.obj
c:\cis 660\overcoat in maya (previous version)\.debug\hairtoolcontext.obj
c:\cis 660\overcoat in maya (previous version)\.debug\feathertoolcontext.obj
c:\cis 660\overcoat in maya (previous version)\.debug\feathercontextcommand.obj
c:\cis 660\overcoat in maya (previous version)\.debug\easybmp.obj
c:\cis 660\overcoat in maya (previous version)\debug\myplugin.pdb
c:\cis 660\overcoat in maya (previous version)\overcoatd.ilk
c:\cis 660\overcoat in maya (previous version)\overcoatd.mll
c:\cis 660\overcoat in maya (previous version)\x64\debug\overcoat.mll.intermediate.manifest
c:\cis 660\overcoat in maya (previous version)\x64\debug\overcoat.mll.embed.manifest
c:\cis 660\overcoat in maya (previous version)\debug\myplugin.lib
c:\cis 660\overcoat in maya (previous version)\debug\myplugin.exp
c:\cis 660\overcoat in maya (previous version)\x64\debug\overcoat.mll.embed.manifest.res
d:\work\dwango\cis-660-overcoat-in-maya-master\overcoat in maya (final)\x64\debug\cl.command.1.tlog
d:\work\dwango\cis-660-overcoat-in-maya-master\overcoat in maya (final)\x64\debug\cl.read.1.tlog
d:\work\dwango\cis-660-overcoat-in-maya-master\overcoat in maya (final)\x64\debug\cl.write.1.tlog
d:\work\dwango\cis-660-overcoat-in-maya-master\overcoat in maya (final)\x64\debug\link-cvtres.read.1.tlog
d:\work\dwango\cis-660-overcoat-in-maya-master\overcoat in maya (final)\x64\debug\link-cvtres.write.1.tlog
d:\work\dwango\cis-660-overcoat-in-maya-master\overcoat in maya (final)\x64\debug\link.6376-cvtres.read.1.tlog
d:\work\dwango\cis-660-overcoat-in-maya-master\overcoat in maya (final)\x64\debug\link.6376-cvtres.write.1.tlog
d:\work\dwango\cis-660-overcoat-in-maya-master\overcoat in maya (final)\x64\debug\link.6376.read.1.tlog
d:\work\dwango\cis-660-overcoat-in-maya-master\overcoat in maya (final)\x64\debug\link.6376.write.1.tlog
d:\work\dwango\cis-660-overcoat-in-maya-master\overcoat in maya (final)\x64\debug\link.command.1.tlog
d:\work\dwango\cis-660-overcoat-in-maya-master\overcoat in maya (final)\x64\debug\link.read.1.tlog
d:\work\dwango\cis-660-overcoat-in-maya-master\overcoat in maya (final)\x64\debug\link.write.1.tlog
d:\work\dwango\cis-660-overcoat-in-maya-master\overcoat in maya (final)\x64\debug\mt.command.1.tlog
d:\work\dwango\cis-660-overcoat-in-maya-master\overcoat in maya (final)\x64\debug\mt.read.1.tlog
d:\work\dwango\cis-660-overcoat-in-maya-master\overcoat in maya (final)\x64\debug\mt.write.1.tlog
d:\work\dwango\cis-660-overcoat-in-maya-master\overcoat in maya (final)\x64\debug\overcoat.write.1.tlog
d:\work\dwango\cis-660-overcoat-in-maya-master\overcoat in maya (final)\x64\debug\rc.command.1.tlog
d:\work\dwango\cis-660-overcoat-in-maya-master\overcoat in maya (final)\x64\debug\rc.read.1.tlog
d:\work\dwango\cis-660-overcoat-in-maya-master\overcoat in maya (final)\x64\debug\rc.write.1.tlog
d:\work\dwango\cis-660-overcoat-in-maya-master\overcoat in maya (final)\x64\debug\overcoat.mll.embed.manifest
d:\work\dwango\cis-660-overcoat-in-maya-master\overcoat in maya (final)\x64\debug\overcoat.mll.intermediate.manifest
d:\work\dwango\cis-660-overcoat-in-maya-master\overcoat in maya (final)\x64\debug\overcoat.mll.embed.manifest.res
d:\work\dwango\cis-660-overcoat-in-maya-master\overcoat in maya (final)\x64\debug\overcoat_manifest.rc
d:\work\dwango\cis-660-overcoat-in-maya-master\overcoat in maya (final)\x64\debug\overcoat.tlog\cl.command.1.tlog
